<!DOCTYPE html PUBLIC "-//W3C//DTD XHTML 1.1//EN" "http://www.w3.org/TR/xhtml11/DTD/xhtml11.dtd">
<html xmlns="http://www.w3.org/1999/xhtml"><head><title>TestNG Report</title><style type="text/css">table {margin-bottom:10px;border-collapse:collapse;empty-cells:show}th,td {border:1px solid #009;padding:.25em .5em}th {vertical-align:bottom}td {vertical-align:top}table a {font-weight:bold}.stripe td {background-color: #E6EBF9}.num {text-align:right}.passedodd td {background-color: #3F3}.passedeven td {background-color: #0A0}.skippedodd td {background-color: #DDD}.skippedeven td {background-color: #CCC}.failedodd td,.attn {background-color: #F33}.failedeven td,.stripe .attn {background-color: #D00}.stacktrace {white-space:pre;font-family:monospace}.totop {font-size:85%;text-align:center;border-bottom:2px solid #000}</style></head><body><table><tr><th>Test</th><th># Passed</th><th># Skipped</th><th># Failed</th><th>Time (ms)</th><th>Included Groups</th><th>Excluded Groups</th></tr><tr><th colspan="7">Grid System</th></tr><tr><td><a href="#t0">Login</a></td><td class="num">1</td><td class="num">0</td><td class="num">0</td><td class="num">3 558</td><td></td><td></td></tr><tr class="stripe"><td><a href="#t1">Filters</a></td><td class="num">2</td><td class="num">0</td><td class="num attn">1</td><td class="num">81 241</td><td></td><td></td></tr><tr><td><a href="#t2">Actions add/edit</a></td><td class="num">0</td><td class="num">0</td><td class="num attn">2</td><td class="num">20 653</td><td></td><td></td></tr><tr><th>Total</th><th class="num">3</th><th class="num">0</th><th class="num attn">3</th><th class="num">105 452</th><th colspan="2"></th></tr></table><table id='summary'><thead><tr><th>Class</th><th>Method</th><th>Start</th><th>Time (ms)</th></tr></thead><tbody><tr><th colspan="4">Grid System</th></tr></tbody><tbody id="t0"><tr><th colspan="4">Login &#8212; passed</th></tr><tr class="passedeven"><td rowspan="1">Login</td><td><a href="#m0">login</a></td><td rowspan="1">1501326211992</td><td rowspan="1">3547</td></tr></tbody><tbody id="t1"><tr><th colspan="4">Filters &#8212; failed</th></tr><tr class="failedeven"><td rowspan="1">Filters</td><td><a href="#m1">filterFieldsIP</a></td><td rowspan="1">1501326233283</td><td rowspan="1">52414</td></tr><tr><th colspan="4">Filters &#8212; passed</th></tr><tr class="passedeven"><td rowspan="2">Filters</td><td><a href="#m2">coupleFilter</a></td><td rowspan="1">1501326215635</td><td rowspan="1">17648</td></tr><tr class="passedeven"><td><a href="#m3">filterFieldsQ</a></td><td rowspan="1">1501326285697</td><td rowspan="1">11178</td></tr></tbody><tbody id="t2"><tr><th colspan="4">Actions add/edit &#8212; failed (configuration methods)</th></tr><tr class="failedeven"><td rowspan="1">Actions</td><td><a href="#m4">closeWebDriver</a></td><td rowspan="1">1501326317628</td><td rowspan="1">406</td></tr><tr><th colspan="4">Actions add/edit &#8212; failed</th></tr><tr class="failedeven"><td rowspan="2">Actions</td><td><a href="#m5">actionAdd</a></td><td rowspan="1">1501326296918</td><td rowspan="1">20645</td></tr><tr class="failedeven"><td><a href="#m6">actionEdit</a></td><td rowspan="1">1501326317564</td><td rowspan="1">7</td></tr></tbody></table><h2>Login</h2><h3 id="m0">Login#login</h3><table class="result"></table><p class="totop"><a href="#summary">back to summary</a></p><h2>Filters</h2><h3 id="m1">Filters#filterFieldsIP</h3><table class="result"><tr><th>Exception</th></tr><tr><td><div class="stacktrace">java.lang.AssertionError: Expected condition failed: waiting for visibility of element located by By.cssSelector: #search-dropdown-bActive div (tried for 10 second(s) with 500 MILLISECONDS interval)
	at org.junit.Assert.fail(Assert.java:88)
	at ActionDrivers.MainDriver.fail(MainDriver.java:64)
	at ActionDrivers.MainDriver.myWait(MainDriver.java:58)
	at Filters.currentUrl(Filters.java:82)
	at Filters.filterFieldsIP(Filters.java:30)
... Removed 24 stack frames</div></td></tr></table><p class="totop"><a href="#summary">back to summary</a></p><h3 id="m2">Filters#coupleFilter</h3><table class="result"></table><p class="totop"><a href="#summary">back to summary</a></p><h3 id="m3">Filters#filterFieldsQ</h3><table class="result"></table><p class="totop"><a href="#summary">back to summary</a></p><h2>Actions add/edit</h2><h3 id="m4">Actions#closeWebDriver</h3><table class="result"><tr><th>Exception</th></tr><tr><td><div class="stacktrace">org.openqa.selenium.SessionNotCreatedException: Tried to run command without establishing a connection
Build info: version: &apos;unknown&apos;, revision: &apos;unknown&apos;, time: &apos;unknown&apos;
System info: host: &apos;DESKTOP-ADBAJG0&apos;, ip: &apos;10.168.133.55&apos;, os.name: &apos;Windows 10&apos;, os.arch: &apos;amd64&apos;, os.version: &apos;10.0&apos;, java.version: &apos;1.8.0_131&apos;
Driver info: org.openqa.selenium.firefox.FirefoxDriver
Capabilities [{moz:profile=C:\Users\orlya\AppData\Local\Temp\rust_mozprofile.1YeLYknGxcPI, rotatable=false, timeouts={implicit=0.0, pageLoad=300000.0, script=30000.0}, pageLoadStrategy=normal, platform=ANY, specificationLevel=0.0, moz:accessibilityChecks=false, acceptInsecureCerts=false, browserVersion=54.0.1, platformVersion=10.0, moz:processID=792.0, browserName=firefox, javascriptEnabled=true, platformName=windows_nt}]
Session ID: bce3aae6-73f0-4d0b-bcfb-fb71522aad69
	at org.openqa.selenium.remote.http.W3CHttpResponseCodec.createException(W3CHttpResponseCodec.java:150)
	at org.openqa.selenium.remote.http.W3CHttpResponseCodec.decode(W3CHttpResponseCodec.java:115)
	at org.openqa.selenium.remote.http.W3CHttpResponseCodec.decode(W3CHttpResponseCodec.java:45)
	at org.openqa.selenium.remote.HttpCommandExecutor.execute(HttpCommandExecutor.java:164)
	at org.openqa.selenium.remote.service.DriverCommandExecutor.execute(DriverCommandExecutor.java:82)
	at org.openqa.selenium.remote.RemoteWebDriver.execute(RemoteWebDriver.java:637)
	at org.openqa.selenium.remote.RemoteWebDriver.execute(RemoteWebDriver.java:694)
	at org.openqa.selenium.remote.RemoteWebDriver.quit(RemoteWebDriver.java:533)
	at ActionDrivers.MainDriver.closeWebDriver(MainDriver.java:68)
	at MainClasses.closeWebDriver(MainClasses.java:17)
... Removed 22 stack frames</div></td></tr></table><p class="totop"><a href="#summary">back to summary</a></p><h3 id="m5">Actions#actionAdd</h3><table class="result"><tr><th>Exception</th></tr><tr><td><div class="stacktrace">org.openqa.selenium.WebDriverException: Failed to decode response from marionette
Build info: version: &apos;unknown&apos;, revision: &apos;unknown&apos;, time: &apos;unknown&apos;
System info: host: &apos;DESKTOP-ADBAJG0&apos;, ip: &apos;10.168.133.55&apos;, os.name: &apos;Windows 10&apos;, os.arch: &apos;amd64&apos;, os.version: &apos;10.0&apos;, java.version: &apos;1.8.0_131&apos;
Driver info: org.openqa.selenium.firefox.FirefoxDriver
Capabilities [{moz:profile=C:\Users\orlya\AppData\Local\Temp\rust_mozprofile.1YeLYknGxcPI, rotatable=false, timeouts={implicit=0.0, pageLoad=300000.0, script=30000.0}, pageLoadStrategy=normal, platform=ANY, specificationLevel=0.0, moz:accessibilityChecks=false, acceptInsecureCerts=false, browserVersion=54.0.1, platformVersion=10.0, moz:processID=792.0, browserName=firefox, javascriptEnabled=true, platformName=windows_nt}]
Session ID: bce3aae6-73f0-4d0b-bcfb-fb71522aad69
*** Element info: {Using=css selector, value=.ui.error.message}
	at org.openqa.selenium.remote.http.W3CHttpResponseCodec.createException(W3CHttpResponseCodec.java:150)
	at org.openqa.selenium.remote.http.W3CHttpResponseCodec.decode(W3CHttpResponseCodec.java:115)
	at org.openqa.selenium.remote.http.W3CHttpResponseCodec.decode(W3CHttpResponseCodec.java:45)
	at org.openqa.selenium.remote.HttpCommandExecutor.execute(HttpCommandExecutor.java:164)
	at org.openqa.selenium.remote.service.DriverCommandExecutor.execute(DriverCommandExecutor.java:82)
	at org.openqa.selenium.remote.RemoteWebDriver.execute(RemoteWebDriver.java:637)
	at org.openqa.selenium.remote.RemoteWebDriver.findElements(RemoteWebDriver.java:437)
	at org.openqa.selenium.remote.RemoteWebDriver.findElementsByCssSelector(RemoteWebDriver.java:505)
	at org.openqa.selenium.By$ByCssSelector.findElements(By.java:441)
	at org.openqa.selenium.remote.RemoteWebDriver.findElements(RemoteWebDriver.java:398)
	at org.openqa.selenium.support.ui.ExpectedConditions.findElement(ExpectedConditions.java:882)
	at org.openqa.selenium.support.ui.ExpectedConditions.access$000(ExpectedConditions.java:44)
	at org.openqa.selenium.support.ui.ExpectedConditions$7.apply(ExpectedConditions.java:206)
	at org.openqa.selenium.support.ui.ExpectedConditions$7.apply(ExpectedConditions.java:202)
	at org.openqa.selenium.support.ui.FluentWait.until(FluentWait.java:209)
	at ActionDrivers.MainDriver.myWait(MainDriver.java:54)
	at Actions.actionAdd(Actions.java:41)
... Removed 28 stack frames</div></td></tr></table><p class="totop"><a href="#summary">back to summary</a></p><h3 id="m6">Actions#actionEdit</h3><table class="result"><tr><th>Exception</th></tr><tr><td><div class="stacktrace">org.openqa.selenium.SessionNotCreatedException: Tried to run command without establishing a connection
Build info: version: &apos;unknown&apos;, revision: &apos;unknown&apos;, time: &apos;unknown&apos;
System info: host: &apos;DESKTOP-ADBAJG0&apos;, ip: &apos;10.168.133.55&apos;, os.name: &apos;Windows 10&apos;, os.arch: &apos;amd64&apos;, os.version: &apos;10.0&apos;, java.version: &apos;1.8.0_131&apos;
Driver info: org.openqa.selenium.firefox.FirefoxDriver
Capabilities [{moz:profile=C:\Users\orlya\AppData\Local\Temp\rust_mozprofile.1YeLYknGxcPI, rotatable=false, timeouts={implicit=0.0, pageLoad=300000.0, script=30000.0}, pageLoadStrategy=normal, platform=ANY, specificationLevel=0.0, moz:accessibilityChecks=false, acceptInsecureCerts=false, browserVersion=54.0.1, platformVersion=10.0, moz:processID=792.0, browserName=firefox, javascriptEnabled=true, platformName=windows_nt}]
Session ID: bce3aae6-73f0-4d0b-bcfb-fb71522aad69
	at org.openqa.selenium.remote.http.W3CHttpResponseCodec.createException(W3CHttpResponseCodec.java:150)
	at org.openqa.selenium.remote.http.W3CHttpResponseCodec.decode(W3CHttpResponseCodec.java:115)
	at org.openqa.selenium.remote.http.W3CHttpResponseCodec.decode(W3CHttpResponseCodec.java:45)
	at org.openqa.selenium.remote.HttpCommandExecutor.execute(HttpCommandExecutor.java:164)
	at org.openqa.selenium.remote.service.DriverCommandExecutor.execute(DriverCommandExecutor.java:82)
	at org.openqa.selenium.remote.RemoteWebDriver.execute(RemoteWebDriver.java:637)
	at org.openqa.selenium.remote.RemoteWebDriver.get(RemoteWebDriver.java:364)
	at ActionDrivers.MainDriver.getUrl(MainDriver.java:48)
	at Actions.actionEdit(Actions.java:60)
... Removed 28 stack frames</div></td></tr></table><p class="totop"><a href="#summary">back to summary</a></p></body></html>